[debug] [2024-03-21T01:56:21.840Z] ----------------------------------------------------------------------
[debug] [2024-03-21T01:56:21.843Z] Command:       C:\Program Files\nodejs\node.exe C:\Users\aleja\AppData\Roaming\npm\node_modules\firebase-tools\lib\bin\firebase.js init
[debug] [2024-03-21T01:56:21.844Z] CLI Version:   13.5.2
[debug] [2024-03-21T01:56:21.844Z] Platform:      win32
[debug] [2024-03-21T01:56:21.844Z] Node Version:  v20.11.1
[debug] [2024-03-21T01:56:21.845Z] Time:          Wed Mar 20 2024 18:56:21 GMT-0700 (hora estándar del Pacífico de México)
[debug] [2024-03-21T01:56:21.845Z] ----------------------------------------------------------------------
[debug] 
[debug] [2024-03-21T01:56:21.958Z] > command requires scopes: ["email","openid","https://www.googleapis.com/auth/cloudplatformprojects.readonly","https://www.googleapis.com/auth/firebase","https://www.googleapis.com/auth/cloud-platform"]
[debug] [2024-03-21T01:56:21.959Z] > authorizing via signed-in user (alejandrosillasalcantar.com@gmail.com)
[info] 
     ######## #### ########  ######## ########     ###     ######  ########
     ##        ##  ##     ## ##       ##     ##  ##   ##  ##       ##
     ######    ##  ########  ######   ########  #########  ######  ######
     ##        ##  ##    ##  ##       ##     ## ##     ##       ## ##
     ##       #### ##     ## ######## ########  ##     ##  ######  ########

You're about to initialize a Firebase project in this directory:

  C:\Users\aleja\OneDrive\Escritorio\Angular_Api\Portafolio_ASA_Angular\PortafolioAngularASA

Before we get started, keep in mind:

  * You are initializing within an existing Firebase project directory

[info] 
=== Project Setup
[info] 
[info] First, let's associate this project directory with a Firebase project.
[info] You can create multiple project aliases by running firebase use --add, 
[info] but for now we'll just set up a default project.
[info] 
[debug] [2024-03-21T01:56:30.260Z] Using project from CLI flag: gdi-hosting-5d59b
[debug] [2024-03-21T01:56:30.266Z] >>> [apiv2][query] GET https://firebase.googleapis.com/v1beta1/projects/gdi-hosting-5d59b [none]
[debug] [2024-03-21T01:56:30.735Z] <<< [apiv2][status] GET https://firebase.googleapis.com/v1beta1/projects/gdi-hosting-5d59b 200
[debug] [2024-03-21T01:56:30.735Z] <<< [apiv2][body] GET https://firebase.googleapis.com/v1beta1/projects/gdi-hosting-5d59b {"projectId":"gdi-hosting-5d59b","projectNumber":"753643386221","displayName":"gdi-hosting","name":"projects/gdi-hosting-5d59b","resources":{"hostingSite":"gdi-hosting-5d59b"},"state":"ACTIVE","etag":"1_0c913af6-03c4-4a49-9e7e-3f4a20d8f9e1"}
[info] i  Using project gdi-hosting-5d59b (gdi-hosting) 
[info] 
=== Hosting Setup
[debug] [2024-03-21T01:56:30.743Z] >>> [apiv2][query] GET https://firebase.googleapis.com/v1beta1/projects/gdi-hosting-5d59b [none]
[debug] [2024-03-21T01:56:30.894Z] <<< [apiv2][status] GET https://firebase.googleapis.com/v1beta1/projects/gdi-hosting-5d59b 200
[debug] [2024-03-21T01:56:30.894Z] <<< [apiv2][body] GET https://firebase.googleapis.com/v1beta1/projects/gdi-hosting-5d59b {"projectId":"gdi-hosting-5d59b","projectNumber":"753643386221","displayName":"gdi-hosting","name":"projects/gdi-hosting-5d59b","resources":{"hostingSite":"gdi-hosting-5d59b"},"state":"ACTIVE","etag":"1_0c913af6-03c4-4a49-9e7e-3f4a20d8f9e1"}
[info] 
[info] Your public directory is the folder (relative to your project directory) that
[info] will contain Hosting assets to be uploaded with firebase deploy. If you
[info] have a build process for your assets, use your build's output directory.
[info] 
